<?xml version="1.0" encoding="UTF-8"?>
<!-- Generated by org.testng.reporters.JUnitXMLReporter -->
<testsuite hostname="DESKTOP-IKBH1MC" ignored="0" name="Test" tests="2" failures="0" timestamp="13 Oct 2019 06:12:32 GMT" time="53.548" errors="0">
  <testcase name="UpdateTipValueAndVerifyTipAmountAndTotalBillAmount" time="6.309" classname="com.wundermobility.fastip.tests.VerifyUpdatedTipValue"/>
  <testcase name="VerifyTipAmountAndTotalBillAmount" time="3.21" classname="com.wundermobility.fastip.tests.VerifyTotalBillValue"/>
</testsuite> <!-- Test -->
