<?xml version="1.0" encoding="UTF-8"?>
<testng-results skipped="0" failed="0" ignored="0" total="0" passed="0">
  <reporter-output>
  </reporter-output>
  <suite name="WunderMobile.MobileAutomation.AppTest" duration-ms="5" started-at="2019-10-12T15:36:03Z" finished-at="2019-10-12T15:36:03Z">
    <groups>
    </groups>
    <test name="Command line test" duration-ms="5" started-at="2019-10-12T15:36:03Z" finished-at="2019-10-12T15:36:03Z">
    </test> <!-- Command line test -->
  </suite> <!-- WunderMobile.MobileAutomation.AppTest -->
</testng-results>
