<?xml version="1.0" encoding="UTF-8"?>
<testng-results skipped="0" failed="0" ignored="0" total="1" passed="1">
  <reporter-output>
  </reporter-output>
  <suite name="Default suite" duration-ms="26867" started-at="2019-10-13T05:20:57Z" finished-at="2019-10-13T05:21:24Z">
    <groups>
    </groups>
    <test name="Default test" duration-ms="26867" started-at="2019-10-13T05:20:57Z" finished-at="2019-10-13T05:21:24Z">
      <class name="testSecnarios.VerifyUpdatedTipValue">
        <test-method status="PASS" signature="beforeClass()[pri:0, instance:testSecnarios.VerifyUpdatedTipValue@210366b4]" name="beforeClass" is-config="true" duration-ms="19789" started-at="2019-10-13T05:20:57Z" finished-at="2019-10-13T05:21:17Z">
          <reporter-output>
          </reporter-output>
        </test-method> <!-- beforeClass -->
        <test-method status="PASS" signature="UpdateTipValueAndVerifyTipAmountAndTotalBillAmount()[pri:0, instance:testSecnarios.VerifyUpdatedTipValue@210366b4]" name="UpdateTipValueAndVerifyTipAmountAndTotalBillAmount" duration-ms="7056" started-at="2019-10-13T05:21:17Z" finished-at="2019-10-13T05:21:24Z">
          <reporter-output>
          </reporter-output>
        </test-method> <!-- UpdateTipValueAndVerifyTipAmountAndTotalBillAmount -->
        <test-method status="PASS" signature="afterClass()[pri:0, instance:testSecnarios.VerifyUpdatedTipValue@210366b4]" name="afterClass" is-config="true" duration-ms="1" started-at="2019-10-13T05:21:24Z" finished-at="2019-10-13T05:21:24Z">
          <reporter-output>
          </reporter-output>
        </test-method> <!-- afterClass -->
      </class> <!-- testSecnarios.VerifyUpdatedTipValue -->
    </test> <!-- Default test -->
  </suite> <!-- Default suite -->
</testng-results>
